0 info it worked if it ends with ok
1 verbose cli [ '/usr/local/bin/node', '/usr/local/bin/npm', 'publish' ]
2 info using npm@2.14.4
3 info using node@v4.1.1
4 verbose publish [ '.' ]
5 silly cache add args [ '.', null ]
6 verbose cache add spec .
7 silly cache add parsed spec Result {
7 silly cache add   raw: '.',
7 silly cache add   scope: null,
7 silly cache add   name: null,
7 silly cache add   rawSpec: '.',
7 silly cache add   spec: '/Volumes/Data/Marco/Documenten Marco/GitHub/itsa.contributor/src/itsa.build',
7 silly cache add   type: 'directory' }
8 verbose addLocalDirectory /Users/itsasbreuk/.npm/itsa/0.0.4/package.tgz not in flight; packing
9 verbose tar pack [ '/Users/itsasbreuk/.npm/itsa/0.0.4/package.tgz',
9 verbose tar pack   '/Volumes/Data/Marco/Documenten Marco/GitHub/itsa.contributor/src/itsa.build' ]
10 verbose tarball /Users/itsasbreuk/.npm/itsa/0.0.4/package.tgz
11 verbose folder /Volumes/Data/Marco/Documenten Marco/GitHub/itsa.contributor/src/itsa.build
12 info prepublish itsa@0.0.4
13 verbose addLocalTarball adding from inside cache /Users/itsasbreuk/.npm/itsa/0.0.4/package.tgz
14 silly cache afterAdd itsa@0.0.4
15 verbose afterAdd /Users/itsasbreuk/.npm/itsa/0.0.4/package/package.json not in flight; writing
16 verbose afterAdd /Users/itsasbreuk/.npm/itsa/0.0.4/package/package.json written
17 silly publish { name: 'itsa',
17 silly publish   version: '0.0.4',
17 silly publish   description: 'ITSA\'s global aggregator',
17 silly publish   author: '',
17 silly publish   repository:
17 silly publish    { type: 'git',
17 silly publish      url: 'git+https://github.com/itsa/itsa.build.git' },
17 silly publish   bugs: { url: 'https://github.com/itsa/itsa.build/issues' },
17 silly publish   keywords: [ 'ITSA', 'module', 'modules' ],
17 silly publish   main: 'itsa.build.js',
17 silly publish   browserify: { transform: [ 'cssify' ] },
17 silly publish   dependencies:
17 silly publish    { css: 'github:itsa/css',
17 silly publish      polyfill: 'github:itsa/polyfill',
17 silly publish      'window-ext': 'github:itsa/window-ext',
17 silly publish      vdom: 'github:itsa/vdom',
17 silly publish      utils: 'github:itsa/utils',
17 silly publish      'js-ext': 'github:itsa/js-ext',
17 silly publish      event: 'github:itsa/itsa-event',
17 silly publish      'event-dom': 'github:itsa/event-dom',
17 silly publish      'event-mobile': 'github:itsa/event-mobile',
17 silly publish      io: 'github:itsa/itsa-io',
17 silly publish      icons: 'github:itsa/icons',
17 silly publish      'node-plugin': 'github:itsa/node-plugin',
17 silly publish      panel: 'github:itsa/panel',
17 silly publish      messages: 'github:itsa/messages',
17 silly publish      dialog: 'github:itsa/dialog',
17 silly publish      constrain: 'github:itsa/constrain',
17 silly publish      drag: 'github:itsa/drag',
17 silly publish      'drag-drop': 'github:itsa/drag-drop',
17 silly publish      focusmanager: 'github:itsa/focusmanager',
17 silly publish      scrollable: 'github:itsa/scrollable',
17 silly publish      'client-db': 'github:itsa/client-db',
17 silly publish      'client-storage': 'github:itsa/client-storage',
17 silly publish      useragent: 'github:itsa/useragent',
17 silly publish      uploader: 'github:itsa/uploader',
17 silly publish      'node-win': 'github:itsa/node-win' },
17 silly publish   devDependencies:
17 silly publish    { chai: '^1.9.1',
17 silly publish      istanbul: '^0.3.0',
17 silly publish      jshint: '^2.5.5',
17 silly publish      mocha: '^1.21.4' },
17 silly publish   testling:
17 silly publish    { harness: 'mocha',
17 silly publish      files: 'tests/*.js',
17 silly publish      browsers:
17 silly publish       [ 'ie/6..latest',
17 silly publish         'chrome/22..latest',
17 silly publish         'firefox/16..latest',
17 silly publish         'safari/latest',
17 silly publish         'opera/11.0..latest',
17 silly publish         'iphone/6',
17 silly publish         'ipad/6',
17 silly publish         'android-browser/latest' ] },
17 silly publish   engines: { node: '*' },
17 silly publish   scripts:
17 silly publish    { pretest: 'jshint  ./*.js',
17 silly publish      test: 'mocha tests/*.js  && istanbul cover $(which _mocha) -- tests/*.js',
17 silly publish      lint: 'jshint ./*.js' },
17 silly publish   homepage: 'http://itsa.github.io',
17 silly publish   maintainers: [ { name: 'Marco Asbreuk', email: 'marco@itsasbreuk.nl' } ],
17 silly publish   license: 'new BSD',
17 silly publish   readme: 'For information, api and documentation about this module: visit <b><a href="http://itsa.io">itsa.io</a></b>\n\n[![Build Status](https://travis-ci.org/itsa/itsa.build.svg?branch=master)](https://travis-ci.org/itsa/itsa.build)\n\n[![browser support](https://ci.testling.com/itsa/itsa.build.png)](https://ci.testling.com/itsa/itsa.build)',
17 silly publish   readmeFilename: 'README.md',
17 silly publish   gitHead: '28ce1f0cfd6141b1b2fa0ebccdec041edfd5b790',
17 silly publish   _id: 'itsa@0.0.4',
17 silly publish   _shasum: '2e58b1b65f0f5ad6c2efc4299775ba26353d4c40',
17 silly publish   _from: '.' }
18 verbose getPublishConfig undefined
19 silly mapToRegistry name itsa
20 silly mapToRegistry using default registry
21 silly mapToRegistry registry https://registry.npmjs.org/
22 silly mapToRegistry uri https://registry.npmjs.org/itsa
23 verbose publish registryBase https://registry.npmjs.org/
24 silly publish uploading /Users/itsasbreuk/.npm/itsa/0.0.4/package.tgz
25 verbose request uri https://registry.npmjs.org/itsa
26 verbose request sending authorization for write operation
27 info attempt registry request try #1 at 22:04:52
28 verbose request using bearer token for auth
29 verbose request id 7ce31851347e6c0f
30 http request PUT https://registry.npmjs.org/itsa
31 http 403 https://registry.npmjs.org/itsa
32 verbose headers { 'content-type': 'application/json',
32 verbose headers   'cache-control': 'max-age=60',
32 verbose headers   'content-length': '96',
32 verbose headers   'accept-ranges': 'bytes',
32 verbose headers   date: 'Tue, 06 Oct 2015 20:04:53 GMT',
32 verbose headers   via: '1.1 varnish',
32 verbose headers   connection: 'keep-alive',
32 verbose headers   'x-served-by': 'cache-ams4133-AMS',
32 verbose headers   'x-cache': 'MISS',
32 verbose headers   'x-cache-hits': '0',
32 verbose headers   'x-timer': 'S1444161892.684741,VS0,VE1031' }
33 verbose request invalidating /Users/itsasbreuk/.npm/registry.npmjs.org/itsa on PUT
34 error publish Failed PUT 403
35 verbose stack Error: You do not have permission to publish 'itsa'. Are you logged in as the correct user? : itsa
35 verbose stack     at makeError (/usr/local/lib/node_modules/npm/node_modules/npm-registry-client/lib/request.js:263:12)
35 verbose stack     at CachingRegistryClient.<anonymous> (/usr/local/lib/node_modules/npm/node_modules/npm-registry-client/lib/request.js:251:14)
35 verbose stack     at Request._callback (/usr/local/lib/node_modules/npm/node_modules/npm-registry-client/lib/request.js:171:14)
35 verbose stack     at Request.self.callback (/usr/local/lib/node_modules/npm/node_modules/request/request.js:198:22)
35 verbose stack     at emitTwo (events.js:87:13)
35 verbose stack     at Request.emit (events.js:172:7)
35 verbose stack     at Request.<anonymous> (/usr/local/lib/node_modules/npm/node_modules/request/request.js:1073:14)
35 verbose stack     at emitOne (events.js:82:20)
35 verbose stack     at Request.emit (events.js:169:7)
35 verbose stack     at IncomingMessage.<anonymous> (/usr/local/lib/node_modules/npm/node_modules/request/request.js:1019:12)
36 verbose statusCode 403
37 verbose pkgid itsa
38 verbose cwd /Volumes/Data/Marco/Documenten Marco/GitHub/itsa.contributor/src/itsa.build
39 error Darwin 14.5.0
40 error argv "/usr/local/bin/node" "/usr/local/bin/npm" "publish"
41 error node v4.1.1
42 error npm  v2.14.4
43 error code E403
44 error You do not have permission to publish 'itsa'. Are you logged in as the correct user? : itsa
45 error If you need help, you may report this error at:
45 error     <https://github.com/npm/npm/issues>
46 verbose exit [ 1, true ]
